<?xml version="1.0" encoding="UTF-8" ?>
<testsuite failures="1" time="0.316" errors="0" skipped="0" tests="1" name="TestSuite">
  <properties>
    <property name="java.runtime.name" value="Java(TM) SE Runtime Environment"/>
    <property name="sun.boot.library.path" value="/System/Library/Java/JavaVirtualMachines/1.6.0.jdk/Contents/Libraries"/>
    <property name="java.vm.version" value="20.1-b02-384"/>
    <property name="awt.nativeDoubleBuffering" value="true"/>
    <property name="gopherProxySet" value="false"/>
    <property name="mrj.build" value="10M3425"/>
    <property name="java.vm.vendor" value="Apple Inc."/>
    <property name="java.vendor.url" value="http://www.apple.com/"/>
    <property name="path.separator" value=":"/>
    <property name="java.vm.name" value="Java HotSpot(TM) 64-Bit Server VM"/>
    <property name="file.encoding.pkg" value="sun.io"/>
    <property name="user.country" value="US"/>
    <property name="sun.java.launcher" value="SUN_STANDARD"/>
    <property name="sun.os.patch.level" value="unknown"/>
    <property name="java.vm.specification.name" value="Java Virtual Machine Specification"/>
    <property name="user.dir" value="/Users/rafael/Projects/codingkata/roman-roulette-solv-java"/>
    <property name="java.runtime.version" value="1.6.0_26-b03-384-10M3425"/>
    <property name="java.awt.graphicsenv" value="apple.awt.CGraphicsEnvironment"/>
    <property name="basedir" value="/Users/rafael/Projects/codingkata/roman-roulette-solv-java"/>
    <property name="java.endorsed.dirs" value="/System/Library/Java/JavaVirtualMachines/1.6.0.jdk/Contents/Home/lib/endorsed"/>
    <property name="os.arch" value="x86_64"/>
    <property name="surefire.real.class.path" value="/Users/rafael/Projects/codingkata/roman-roulette-solv-java/target/surefire/surefirebooter3588844350001697157.jar"/>
    <property name="java.io.tmpdir" value="/var/folders/5v/5vIhaEvvGQaIcjNLft+OJk+++TM/-Tmp-/"/>
    <property name="line.separator" value="
"/>
    <property name="java.vm.specification.vendor" value="Sun Microsystems Inc."/>
    <property name="os.name" value="Mac OS X"/>
    <property name="sun.jnu.encoding" value="MacRoman"/>
    <property name="java.library.path" value=".:/Library/Java/Extensions:/System/Library/Java/Extensions:/usr/lib/java"/>
    <property name="surefire.test.class.path" value="/Users/rafael/Projects/codingkata/roman-roulette-solv-java/target/test-classes:/Users/rafael/Projects/codingkata/roman-roulette-solv-java/target/classes:/Users/rafael/.m2/repository/org/codingkata/unit/roman-roulette-task/1.1k/roman-roulette-task-1.1k.jar:/Users/rafael/.m2/repository/org/codingkata/unit/common-test/1.5.0/common-test-1.5.0.jar:/Users/rafael/.m2/repository/org/codingkata/unit/common-exec/1.5.0/common-exec-1.5.0.jar:/Users/rafael/.m2/repository/org/testng/testng/5.11/testng-5.11-jdk15.jar:/Users/rafael/.m2/repository/junit/junit/3.8.1/junit-3.8.1.jar:/Users/rafael/.m2/repository/org/codingkata/unit/common/1.5.0/common-1.5.0.jar:/Users/rafael/.m2/repository/commons-io/commons-io/1.4/commons-io-1.4.jar:/Users/rafael/.m2/repository/org/codingkata/common-integr/1.5.0/common-integr-1.5.0.jar:/Users/rafael/.m2/repository/commons-codec/commons-codec/1.4/commons-codec-1.4.jar:/Users/rafael/.m2/repository/org/jasypt/jasypt/1.6/jasypt-1.6.jar:/Users/rafael/.m2/repository/commons-lang/commons-lang/2.1/commons-lang-2.1.jar:"/>
    <property name="java.specification.name" value="Java Platform API Specification"/>
    <property name="java.class.version" value="50.0"/>
    <property name="sun.management.compiler" value="HotSpot 64-Bit Tiered Compilers"/>
    <property name="os.version" value="10.6.8"/>
    <property name="http.nonProxyHosts" value="local|*.local|169.254/16t|*.169.254/16t"/>
    <property name="user.home" value="/Users/rafael"/>
    <property name="user.timezone" value="America/Sao_Paulo"/>
    <property name="java.awt.printerjob" value="apple.awt.CPrinterJob"/>
    <property name="java.specification.version" value="1.6"/>
    <property name="file.encoding" value="MacRoman"/>
    <property name="user.name" value="rafael"/>
    <property name="java.class.path" value="/Users/rafael/Projects/codingkata/roman-roulette-solv-java/target/test-classes:/Users/rafael/Projects/codingkata/roman-roulette-solv-java/target/classes:/Users/rafael/.m2/repository/org/codingkata/unit/roman-roulette-task/1.1k/roman-roulette-task-1.1k.jar:/Users/rafael/.m2/repository/org/codingkata/unit/common-test/1.5.0/common-test-1.5.0.jar:/Users/rafael/.m2/repository/org/codingkata/unit/common-exec/1.5.0/common-exec-1.5.0.jar:/Users/rafael/.m2/repository/org/testng/testng/5.11/testng-5.11-jdk15.jar:/Users/rafael/.m2/repository/junit/junit/3.8.1/junit-3.8.1.jar:/Users/rafael/.m2/repository/org/codingkata/unit/common/1.5.0/common-1.5.0.jar:/Users/rafael/.m2/repository/commons-io/commons-io/1.4/commons-io-1.4.jar:/Users/rafael/.m2/repository/org/codingkata/common-integr/1.5.0/common-integr-1.5.0.jar:/Users/rafael/.m2/repository/commons-codec/commons-codec/1.4/commons-codec-1.4.jar:/Users/rafael/.m2/repository/org/jasypt/jasypt/1.6/jasypt-1.6.jar:/Users/rafael/.m2/repository/commons-lang/commons-lang/2.1/commons-lang-2.1.jar:"/>
    <property name="java.vm.specification.version" value="1.0"/>
    <property name="sun.arch.data.model" value="64"/>
    <property name="java.home" value="/System/Library/Java/JavaVirtualMachines/1.6.0.jdk/Contents/Home"/>
    <property name="sun.java.command" value="/Users/rafael/Projects/codingkata/roman-roulette-solv-java/target/surefire/surefirebooter3588844350001697157.jar /Users/rafael/Projects/codingkata/roman-roulette-solv-java/target/surefire/surefire521942256175013570tmp /Users/rafael/Projects/codingkata/roman-roulette-solv-java/target/surefire/surefire5890377986345838595tmp"/>
    <property name="java.specification.vendor" value="Sun Microsystems Inc."/>
    <property name="user.language" value="en"/>
    <property name="awt.toolkit" value="apple.awt.CToolkit"/>
    <property name="java.vm.info" value="mixed mode"/>
    <property name="java.version" value="1.6.0_26"/>
    <property name="java.ext.dirs" value="/Library/Java/Extensions:/System/Library/Java/Extensions:/System/Library/Java/JavaVirtualMachines/1.6.0.jdk/Contents/Home/lib/ext"/>
    <property name="sun.boot.class.path" value="/System/Library/Java/JavaVirtualMachines/1.6.0.jdk/Contents/Classes/jsfd.jar:/System/Library/Java/JavaVirtualMachines/1.6.0.jdk/Contents/Classes/classes.jar:/System/Library/Frameworks/JavaVM.framework/Frameworks/JavaRuntimeSupport.framework/Resources/Java/JavaRuntimeSupport.jar:/System/Library/Java/JavaVirtualMachines/1.6.0.jdk/Contents/Classes/ui.jar:/System/Library/Java/JavaVirtualMachines/1.6.0.jdk/Contents/Classes/laf.jar:/System/Library/Java/JavaVirtualMachines/1.6.0.jdk/Contents/Classes/sunrsasign.jar:/System/Library/Java/JavaVirtualMachines/1.6.0.jdk/Contents/Classes/jsse.jar:/System/Library/Java/JavaVirtualMachines/1.6.0.jdk/Contents/Classes/jce.jar:/System/Library/Java/JavaVirtualMachines/1.6.0.jdk/Contents/Classes/charsets.jar"/>
    <property name="java.vendor" value="Apple Inc."/>
    <property name="localRepository" value="/Users/rafael/.m2/repository"/>
    <property name="file.separator" value="/"/>
    <property name="java.vendor.url.bug" value="http://bugreport.apple.com/"/>
    <property name="sun.cpu.endian" value="little"/>
    <property name="sun.io.unicode.encoding" value="UnicodeLittle"/>
    <property name="mrj.version" value="1060.1.6.0_26-384"/>
    <property name="socksNonProxyHosts" value="local|*.local|169.254/16t|*.169.254/16t"/>
    <property name="ftp.nonProxyHosts" value="local|*.local|169.254/16t|*.169.254/16t"/>
    <property name="sun.cpu.isalist" value=""/>
  </properties>
  <testcase time="0.022" classname="org.codingkata.unit.IntegrationTest" name="testKata">
    <failure message="expected:&lt;true&gt; but was:&lt;false&gt;" type="java.lang.AssertionError">java.lang.AssertionError: expected:&lt;true&gt; but was:&lt;false&gt;
	at org.testng.Assert.fail(Assert.java:87)
	at org.testng.Assert.failNotEquals(Assert.java:441)
	at org.testng.Assert.assertTrue(Assert.java:35)
	at org.testng.Assert.assertTrue(Assert.java:45)
	at org.codingkata.test.CommonIntegrationTest.testKata(CommonIntegrationTest.java:17)
	at sun.reflect.NativeMethodAccessorImpl.invoke0(Native Method)
	at sun.reflect.NativeMethodAccessorImpl.invoke(NativeMethodAccessorImpl.java:39)
	at sun.reflect.DelegatingMethodAccessorImpl.invoke(DelegatingMethodAccessorImpl.java:25)
	at java.lang.reflect.Method.invoke(Method.java:597)
	at org.testng.internal.MethodHelper.invokeMethod(MethodHelper.java:644)
	at org.testng.internal.Invoker.invokeMethod(Invoker.java:546)
	at org.testng.internal.Invoker.invokeTestMethod(Invoker.java:700)
	at org.testng.internal.Invoker.invokeTestMethods(Invoker.java:1002)
	at org.testng.internal.TestMethodWorker.invokeTestMethods(TestMethodWorker.java:137)
	at org.testng.internal.TestMethodWorker.run(TestMethodWorker.java:121)
	at org.testng.TestRunner.runWorkers(TestRunner.java:909)
	at org.testng.TestRunner.privateRun(TestRunner.java:618)
	at org.testng.TestRunner.run(TestRunner.java:499)
	at org.testng.SuiteRunner.runTest(SuiteRunner.java:332)
	at org.testng.SuiteRunner.runSequentially(SuiteRunner.java:327)
	at org.testng.SuiteRunner.privateRun(SuiteRunner.java:299)
	at org.testng.SuiteRunner.run(SuiteRunner.java:204)
	at org.testng.TestNG.createAndRunSuiteRunners(TestNG.java:915)
	at org.testng.TestNG.runSuitesLocally(TestNG.java:879)
	at org.testng.TestNG.run(TestNG.java:787)
	at org.apache.maven.surefire.testng.TestNGExecutor.run(TestNGExecutor.java:60)
	at org.apache.maven.surefire.testng.TestNGDirectoryTestSuite.execute(TestNGDirectoryTestSuite.java:106)
	at org.apache.maven.surefire.testng.TestNGProvider.invoke(TestNGProvider.java:111)
	at sun.reflect.NativeMethodAccessorImpl.invoke0(Native Method)
	at sun.reflect.NativeMethodAccessorImpl.invoke(NativeMethodAccessorImpl.java:39)
	at sun.reflect.DelegatingMethodAccessorImpl.invoke(DelegatingMethodAccessorImpl.java:25)
	at java.lang.reflect.Method.invoke(Method.java:597)
	at org.apache.maven.surefire.booter.ProviderFactory$ClassLoaderProxy.invoke(ProviderFactory.java:103)
	at $Proxy0.invoke(Unknown Source)
	at org.apache.maven.surefire.booter.SurefireStarter.invokeProvider(SurefireStarter.java:150)
	at org.apache.maven.surefire.booter.SurefireStarter.runSuitesInProcess(SurefireStarter.java:91)
	at org.apache.maven.surefire.booter.ForkedBooter.main(ForkedBooter.java:69)
</failure>
    <system-out>@HL
@HL-------------------------------------------------------
@HL T E S T S
@HL-------------------------------------------------------
@SLRunning TestSuite

========================= DEBUG OUTPUT START ===============================
========================== DEBUG OUTPUT END ================================

 ############################################################################
 #############               _ _           _        _           #############
 #############    __ ___  __| (_)_ _  __ _| |____ _| |_ __ _    #############
 #############   / _/ _ \/ _` | | &apos; \/ _` | / / _` |  _/ _` |   #############
 #############   \__\___/\__,_|_|_||_\__, |_\_\__,_|\__\__,_|   #############
 #############                       |___/                      #############
 #############                                 CODINGKATA.ORG   #############
 ############################################################################
 #                                                                          #
 # TESTS (total: 1, passed: 0):                                             #
 #                                                                          #
 # (1) EXPECTED &apos;31&apos; FOR [ size:41 skip:3 ] GOT &apos;30&apos;                        #
 #                                                                          #
 ############################################################################

</system-out>
  </testcase>
</testsuite>